<?xml version="1.0" encoding="UTF-8"?>
<!-- Generated by org.testng.reporters.JUnitReportReporter -->
<testsuite name="tests.NewTest" tests="2" time="1.254" ignored="0" failures="0" timestamp="19 Feb 2019 12:00:06 GMT" skipped="0" hostname="Kirsties-Air" errors="0">
  <testcase name="EmailSignIn" time="0.688" classname="tests.NewTest"/>
  <testcase name="CorrectEmail" time="0.566" classname="tests.NewTest"/>
</testsuite> <!-- tests.NewTest -->
