<?xml version="1.0" encoding="UTF-8"?>
<!-- Generated by org.testng.reporters.JUnitReportReporter -->
<testsuite name="maventest.NewTest" tests="1" time="8.220" ignored="0" failures="0" timestamp="07 Jan 2019 15:28:34 GMT" skipped="0" hostname="Kirsties-Air" errors="0">
  <testcase name="openMyBlog" time="8.220" classname="maventest.NewTest"/>
</testsuite> <!-- maventest.NewTest -->
