<?xml version="1.0" encoding="UTF-8"?>
<!-- Generated by org.testng.reporters.JUnitReportReporter -->
<testsuite name="maventest.NewTest" tests="1" time="7.080" ignored="0" failures="0" timestamp="14 Dec 2018 14:26:12 GMT" skipped="0" hostname="Kirsties-Air" errors="0">
  <testcase name="openMyBlog" time="7.080" classname="maventest.NewTest"/>
</testsuite> <!-- maventest.NewTest -->
