<?xml version="1.0" encoding="UTF-8"?>
<!-- Generated by org.testng.reporters.JUnitReportReporter -->
<testsuite name="tests.WFLandingPage" tests="5" time="4.871" ignored="0" failures="0" timestamp="02 May 2019 09:39:21 GMT" skipped="0" hostname="Kirsties-MacBook-Air.local" errors="0">
  <testcase name="EmailIncorrectStr" time="0.908" classname="tests.WFLandingPage"/>
  <testcase name="Scroll" time="0.005" classname="tests.WFLandingPage"/>
  <testcase name="EmailSignIn" time="3.346" classname="tests.WFLandingPage"/>
  <testcase name="EmailMaxCharacters" time="0.333" classname="tests.WFLandingPage"/>
  <testcase name="EmailMaxCharacterssetfield" time="0.279" classname="tests.WFLandingPage"/>
</testsuite> <!-- tests.WFLandingPage -->
